<?xml version="1.0" encoding="UTF-8"?>
<testsuite name="com.studycoach.application.service.StudyCoachServiceValidationTest" tests="4" skipped="0" failures="0" errors="0" timestamp="2026-05-21T08:37:33" hostname="urwas-MacBook-Pro-2.local" time="0.018">
  <properties/>
  <testcase name="updateTaskRejectsUnknownTask()" classname="com.studycoach.application.service.StudyCoachServiceValidationTest" time="0.005"/>
  <testcase name="addTaskRejectsPastDeadlines()" classname="com.studycoach.application.service.StudyCoachServiceValidationTest" time="0.004"/>
  <testcase name="addTaskRejectsUnknownCourse()" classname="com.studycoach.application.service.StudyCoachServiceValidationTest" time="0.003"/>
  <testcase name="addCourseRejectsDuplicates()" classname="com.studycoach.application.service.StudyCoachServiceValidationTest" time="0.004"/>
  <system-out><![CDATA[]]></system-out>
  <system-err><![CDATA[]]></system-err>
</testsuite>
