<?xml version="1.0" encoding="UTF-8"?>
<testsuite name="com.studycoach.domain.service.PriorityEngineTest" tests="2" skipped="0" failures="0" errors="0" timestamp="2026-05-21T08:37:33" hostname="urwas-MacBook-Pro-2.local" time="0.003">
  <properties/>
  <testcase name="ranksUrgentHighImportanceTaskAboveDistantLowImportanceTask()" classname="com.studycoach.domain.service.PriorityEngineTest" time="0.001"/>
  <testcase name="skippedBehaviorRaisesPrioritySignals()" classname="com.studycoach.domain.service.PriorityEngineTest" time="0.001"/>
  <system-out><![CDATA[]]></system-out>
  <system-err><![CDATA[]]></system-err>
</testsuite>
